<?xml version="1.0" encoding="UTF-8"?>
<testng-results ignored="0" total="2" passed="2" failed="0" skipped="0">
  <reporter-output>
  </reporter-output>
  <suite started-at="2023-10-09T21:41:24 PKT" name="Default suite" finished-at="2023-10-09T21:41:45 PKT" duration-ms="20803">
    <groups>
    </groups>
    <test started-at="2023-10-09T21:41:24 PKT" name="Default test" finished-at="2023-10-09T21:41:45 PKT" duration-ms="20803">
      <class name="Page.TestRunner">
        <test-method signature="TC1_validateLogin()[pri:1, instance:Page.TestRunner@7d20d0b]" started-at="2023-10-09T21:41:24 PKT" name="TC1_validateLogin" finished-at="2023-10-09T21:41:38 PKT" duration-ms="14214" status="PASS">
          <reporter-output>
          </reporter-output>
        </test-method> <!-- TC1_validateLogin -->
        <test-method signature="TC2_validateATCAndCheckout()[pri:2, instance:Page.TestRunner@7d20d0b]" started-at="2023-10-09T21:41:38 PKT" name="TC2_validateATCAndCheckout" finished-at="2023-10-09T21:41:45 PKT" duration-ms="6536" status="PASS">
          <reporter-output>
          </reporter-output>
        </test-method> <!-- TC2_validateATCAndCheckout -->
      </class> <!-- Page.TestRunner -->
    </test> <!-- Default test -->
  </suite> <!-- Default suite -->
</testng-results>
